<?xml version="1.0" encoding="UTF-8"?>
<!-- Generated by org.testng.reporters.JUnitXMLReporter -->
<testsuite ignored="0" hostname="Virat_Jain" failures="1" tests="2" name="OpenCart Test" time="29.568" errors="0" timestamp="2025-12-21T21:27:08 IST">
  <testcase classname="testCases.TC_001_AccountRegistrationTest" name="verify_Account_registeration" time="8.152"/>
  <testcase classname="testCases.TC_002_LoginTest" name="verify_login" time="15.837">
    <failure type="java.lang.AssertionError" message="null">
      <![CDATA[java.lang.AssertionError: null
at testCases.TC_002_LoginTest.verify_login(TC_002_LoginTest.java:49)
at java.base/java.util.ArrayList.forEach(ArrayList.java:1597)
... Removed 27 stack frames]]>
    </failure>
  </testcase> <!-- verify_login -->
</testsuite> <!-- OpenCart Test -->
