<?xml version="1.0" encoding="UTF-8"?>
<!-- Generated by org.testng.reporters.JUnitXMLReporter -->
<testsuite ignored="0" hostname="Virat_Jain" failures="1" tests="1" name="TestDDT" time="0.811" errors="0" timestamp="2025-12-19T17:29:51 IST">
  <testcase classname="testBase.BaseClass" name="@BeforeClass Setup" time="-1.7661455909E9">
    <failure type="org.testng.TestNGException" message="
Parameter &amp;apos;os&amp;apos; is required by BeforeClass on method Setup but has not been marked @Optional or defined
in C:\Automation\myworkspaces\Seleniumwebdriver\OpencarV121\testng.xml">
      <![CDATA[org.testng.TestNGException: 
Parameter 'os' is required by BeforeClass on method Setup but has not been marked @Optional or defined
in C:\Automation\myworkspaces\Seleniumwebdriver\OpencarV121\testng.xml
at java.base/java.util.ArrayList.forEach(ArrayList.java:1597)
... Removed 22 stack frames]]>
    </failure>
  </testcase> <!-- @BeforeClass Setup -->
  <testcase classname="testBase.BaseClass" name="@AfterClass tearDown" time="0.0">
    <skipped/>
  </testcase> <!-- @AfterClass tearDown -->
  <testcase classname="testCases.TC_003_LoginDDT" name="verify_loginDDT" time="0.0">
    <failure type="java.lang.RuntimeException" message="java.lang.ArrayIndexOutOfBoundsException: Index 3 out of bounds for length 3">
      <![CDATA[java.lang.RuntimeException: java.lang.ArrayIndexOutOfBoundsException: Index 3 out of bounds for length 3
at java.base/java.util.ArrayList.forEach(ArrayList.java:1597)
Caused by: java.lang.ArrayIndexOutOfBoundsException: Index 3 out of bounds for length 3
at utilities.DataProviders.getData(DataProviders.java:28)
... 25 more
... Removed 30 stack frames]]>
    </failure>
  </testcase> <!-- verify_loginDDT -->
</testsuite> <!-- TestDDT -->
